#
# There is insufficient memory for the Java Runtime Environment to continue.
# Native memory allocation (malloc) failed to allocate 59504 bytes for Chunk::new
# Possible reasons:
#   The system is out of physical RAM or swap space
#   The process is running with CompressedOops enabled, and the Java Heap may be blocking the growth of the native heap
# Possible solutions:
#   Reduce memory load on the system
#   Increase physical memory or swap space
#   Check if swap backing store is full
#   Decrease Java heap size (-Xmx/-Xms)
#   Decrease number of Java threads
#   Decrease Java thread stack sizes (-Xss)
#   Set larger code cache with -XX:ReservedCodeCacheSize=
#   JVM is running with Zero Based Compressed Oops mode in which the Java heap is
#     placed in the first 32GB address space. The Java Heap base address is the
#     maximum limit for the native heap growth. Please use -XX:HeapBaseMinAddress
#     to set the Java Heap base and to place the Java Heap above 32GB virtual address.
# This output file may be truncated or incomplete.
#
#  Out of Memory Error (arena.cpp:189), pid=15692, tid=8204
#
# JRE version: OpenJDK Runtime Environment (17.0.2+8) (build 17.0.2+8-86)
# Java VM: OpenJDK 64-Bit Server VM (17.0.2+8-86, mixed mode, sharing, tiered, compressed oops, compressed class ptrs, g1 gc, windows-amd64)
# No core dump will be written. Minidumps are not enabled by default on client versions of Windows
#

---------------  S U M M A R Y ------------

Command Line: -javaagent:C:\Program Files\JetBrains\IntelliJ IDEA 2021.3.2\lib\idea_rt.jar=49611:C:\Program Files\JetBrains\IntelliJ IDEA 2021.3.2\bin -Dfile.encoding=UTF-8 Main

Host: Intel(R) Core(TM) i7-8750H CPU @ 2.20GHz, 12 cores, 15G,  Windows 10 , 64 bit Build 19041 (10.0.19041.2364)
Time: Sun Dec 25 13:16:05 2022 Mitteleuropäische Zeit elapsed time: 0.426438 seconds (0d 0h 0m 0s)

---------------  T H R E A D  ---------------

Current thread (0x0000018b34647a80):  JavaThread "C2 CompilerThread1" daemon [_thread_in_native, id=8204, stack(0x000000859bd00000,0x000000859be00000)]


Current CompileTask:
C2:    426  617   !   4       java.io.BufferedWriter::write (117 bytes)

Stack: [0x000000859bd00000,0x000000859be00000]
Native frames: (J=compiled Java code, j=interpreted, Vv=VM code, C=native code)
V  [jvm.dll+0x670baa]
V  [jvm.dll+0x7cfcb4]
V  [jvm.dll+0x7d145e]
V  [jvm.dll+0x7d1ac3]
V  [jvm.dll+0x242bc5]
V  [jvm.dll+0xaa57b]
V  [jvm.dll+0xaab0c]
V  [jvm.dll+0x35fd07]
V  [jvm.dll+0x1b9982]
V  [jvm.dll+0x215de9]
V  [jvm.dll+0x2150b1]
V  [jvm.dll+0x1a1bbd]
V  [jvm.dll+0x224908]
V  [jvm.dll+0x222a6c]
V  [jvm.dll+0x7859bb]
V  [jvm.dll+0x77ff7a]
V  [jvm.dll+0x66fa35]
C  [ucrtbase.dll+0x21bb2]
C  [KERNEL32.DLL+0x17614]
C  [ntdll.dll+0x526a1]


---------------  P R O C E S S  ---------------

Threads class SMR info:
_java_thread_list=0x0000018b34512390, length=20, elements={
0x0000018b102a55e0, 0x0000018b32a24e90, 0x0000018b32a26310, 0x0000018b32a36000,
0x0000018b32a388d0, 0x0000018b32a39280, 0x0000018b32a39c30, 0x0000018b33351fb0,
0x0000018b333565c0, 0x0000018b333612e0, 0x0000018b32a0d010, 0x0000018b335005c0,
0x0000018b33502eb0, 0x0000018b336ca410, 0x0000018b341d2b40, 0x0000018b341da370,
0x0000018b34603100, 0x0000018b3461f180, 0x0000018b34647a80, 0x0000018b34671b90
}

Java Threads: ( => current thread )
  0x0000018b102a55e0 JavaThread "main" [_thread_in_vm, id=14456, stack(0x000000859a200000,0x000000859a300000)]
  0x0000018b32a24e90 JavaThread "Reference Handler" daemon [_thread_blocked, id=5456, stack(0x000000859a900000,0x000000859aa00000)]
  0x0000018b32a26310 JavaThread "Finalizer" daemon [_thread_blocked, id=13800, stack(0x000000859aa00000,0x000000859ab00000)]
  0x0000018b32a36000 JavaThread "Signal Dispatcher" daemon [_thread_blocked, id=20840, stack(0x000000859ab00000,0x000000859ac00000)]
  0x0000018b32a388d0 JavaThread "Attach Listener" daemon [_thread_blocked, id=6008, stack(0x000000859ac00000,0x000000859ad00000)]
  0x0000018b32a39280 JavaThread "Service Thread" daemon [_thread_blocked, id=12476, stack(0x000000859ad00000,0x000000859ae00000)]
  0x0000018b32a39c30 JavaThread "Monitor Deflation Thread" daemon [_thread_blocked, id=11336, stack(0x000000859ae00000,0x000000859af00000)]
  0x0000018b33351fb0 JavaThread "C2 CompilerThread0" daemon [_thread_in_native, id=5696, stack(0x000000859af00000,0x000000859b000000)]
  0x0000018b333565c0 JavaThread "C1 CompilerThread0" daemon [_thread_blocked, id=16316, stack(0x000000859b000000,0x000000859b100000)]
  0x0000018b333612e0 JavaThread "Sweeper thread" daemon [_thread_blocked, id=12808, stack(0x000000859b100000,0x000000859b200000)]
  0x0000018b32a0d010 JavaThread "Common-Cleaner" daemon [_thread_blocked, id=21328, stack(0x000000859b200000,0x000000859b300000)]
  0x0000018b335005c0 JavaThread "Monitor Ctrl-Break" daemon [_thread_in_native, id=1940, stack(0x000000859b300000,0x000000859b400000)]
  0x0000018b33502eb0 JavaThread "Notification Thread" daemon [_thread_blocked, id=22864, stack(0x000000859b400000,0x000000859b500000)]
  0x0000018b336ca410 JavaThread "Java2D Disposer" daemon [_thread_blocked, id=14828, stack(0x000000859b600000,0x000000859b700000)]
  0x0000018b341d2b40 JavaThread "AWT-Shutdown" [_thread_blocked, id=4820, stack(0x000000859b700000,0x000000859b800000)]
  0x0000018b341da370 JavaThread "AWT-Windows" daemon [_thread_in_native, id=17348, stack(0x000000859b800000,0x000000859b900000)]
  0x0000018b34603100 JavaThread "Thread-0" [_thread_in_vm, id=11084, stack(0x000000859bb00000,0x000000859bc00000)]
  0x0000018b3461f180 JavaThread "AWT-EventQueue-0" [_thread_blocked, id=1204, stack(0x000000859bc00000,0x000000859bd00000)]
=>0x0000018b34647a80 JavaThread "C2 CompilerThread1" daemon [_thread_in_native, id=8204, stack(0x000000859bd00000,0x000000859be00000)]
  0x0000018b34671b90 JavaThread "C2 CompilerThread2" daemon [_thread_in_native, id=22708, stack(0x000000859be00000,0x000000859bf00000)]

Other Threads:
  0x0000018b33351c20 VMThread "VM Thread" [stack: 0x000000859a800000,0x000000859a900000] [id=18948]
  0x0000018b32844890 WatcherThread [stack: 0x000000859b500000,0x000000859b600000] [id=10408]
  0x0000018b102f4b00 GCTaskThread "GC Thread#0" [stack: 0x000000859a300000,0x000000859a400000] [id=20408]
  0x0000018b10306b50 ConcurrentGCThread "G1 Main Marker" [stack: 0x000000859a400000,0x000000859a500000] [id=18744]
  0x0000018b10308180 ConcurrentGCThread "G1 Conc#0" [stack: 0x000000859a500000,0x000000859a600000] [id=19300]
  0x0000018b32951020 ConcurrentGCThread "G1 Refine#0" [stack: 0x000000859a600000,0x000000859a700000] [id=4040]
  0x0000018b32951a40 ConcurrentGCThread "G1 Service" [stack: 0x000000859a700000,0x000000859a800000] [id=13600]

Threads with active compile tasks:
C2 CompilerThread0      476  638       4       java.awt.Component::repaint (16 bytes)
C2 CompilerThread1      476  617   !   4       java.io.BufferedWriter::write (117 bytes)
C2 CompilerThread2      476  657       4       java.nio.HeapCharBuffer::<init> (23 bytes)

VM state: not at safepoint (normal execution)

VM Mutex/Monitor currently owned by a thread:  ([mutex/lock_event])
[0x0000018b102a09c0] Metaspace_lock - owner thread: 0x0000018b102a55e0

Heap address: 0x0000000703000000, size: 4048 MB, Compressed Oops mode: Zero based, Oop shift amount: 3

CDS archive(s) mapped at: [0x0000000800000000-0x0000000800bc0000-0x0000000800bc0000), size 12320768, SharedBaseAddress: 0x0000000800000000, ArchiveRelocationMode: 0.
Compressed class space mapped at: 0x0000000800c00000-0x0000000840c00000, reserved size: 1073741824
Narrow klass base: 0x0000000800000000, Narrow klass shift: 0, Narrow klass range: 0x100000000

GC Precious Log:
 CPUs: 12 total, 12 available
 Memory: 16190M
 Large Page Support: Disabled
 NUMA Support: Disabled
 Compressed Oops: Enabled (Zero based)
 Heap Region Size: 2M
 Heap Min Capacity: 8M
 Heap Initial Capacity: 254M
 Heap Max Capacity: 4048M
 Pre-touch: Disabled
 Parallel Workers: 10
 Concurrent Workers: 3
 Concurrent Refinement Workers: 10
 Periodic GC: Disabled

Heap:
 garbage-first heap   total 260096K, used 6144K [0x0000000703000000, 0x0000000800000000)
  region size 2048K, 4 young (8192K), 0 survivors (0K)
 Metaspace       used 5536K, committed 5760K, reserved 1056768K
  class space    used 584K, committed 704K, reserved 1048576K

Heap Regions: E=young(eden), S=young(survivor), O=old, HS=humongous(starts), HC=humongous(continues), CS=collection set, F=free, OA=open archive, CA=closed archive, TAMS=top-at-mark-start (previous, next)
|   0|0x0000000703000000, 0x0000000703000000, 0x0000000703200000|  0%| F|  |TAMS 0x0000000703000000, 0x0000000703000000| Untracked 
|   1|0x0000000703200000, 0x0000000703200000, 0x0000000703400000|  0%| F|  |TAMS 0x0000000703200000, 0x0000000703200000| Untracked 
|   2|0x0000000703400000, 0x0000000703400000, 0x0000000703600000|  0%| F|  |TAMS 0x0000000703400000, 0x0000000703400000| Untracked 
|   3|0x0000000703600000, 0x0000000703600000, 0x0000000703800000|  0%| F|  |TAMS 0x0000000703600000, 0x0000000703600000| Untracked 
|   4|0x0000000703800000, 0x0000000703800000, 0x0000000703a00000|  0%| F|  |TAMS 0x0000000703800000, 0x0000000703800000| Untracked 
|   5|0x0000000703a00000, 0x0000000703a00000, 0x0000000703c00000|  0%| F|  |TAMS 0x0000000703a00000, 0x0000000703a00000| Untracked 
|   6|0x0000000703c00000, 0x0000000703c00000, 0x0000000703e00000|  0%| F|  |TAMS 0x0000000703c00000, 0x0000000703c00000| Untracked 
|   7|0x0000000703e00000, 0x0000000703e00000, 0x0000000704000000|  0%| F|  |TAMS 0x0000000703e00000, 0x0000000703e00000| Untracked 
|   8|0x0000000704000000, 0x0000000704000000, 0x0000000704200000|  0%| F|  |TAMS 0x0000000704000000, 0x0000000704000000| Untracked 
|   9|0x0000000704200000, 0x0000000704200000, 0x0000000704400000|  0%| F|  |TAMS 0x0000000704200000, 0x0000000704200000| Untracked 
|  10|0x0000000704400000, 0x0000000704400000, 0x0000000704600000|  0%| F|  |TAMS 0x0000000704400000, 0x0000000704400000| Untracked 
|  11|0x0000000704600000, 0x0000000704600000, 0x0000000704800000|  0%| F|  |TAMS 0x0000000704600000, 0x0000000704600000| Untracked 
|  12|0x0000000704800000, 0x0000000704800000, 0x0000000704a00000|  0%| F|  |TAMS 0x0000000704800000, 0x0000000704800000| Untracked 
|  13|0x0000000704a00000, 0x0000000704a00000, 0x0000000704c00000|  0%| F|  |TAMS 0x0000000704a00000, 0x0000000704a00000| Untracked 
|  14|0x0000000704c00000, 0x0000000704c00000, 0x0000000704e00000|  0%| F|  |TAMS 0x0000000704c00000, 0x0000000704c00000| Untracked 
|  15|0x0000000704e00000, 0x0000000704e00000, 0x0000000705000000|  0%| F|  |TAMS 0x0000000704e00000, 0x0000000704e00000| Untracked 
|  16|0x0000000705000000, 0x0000000705000000, 0x0000000705200000|  0%| F|  |TAMS 0x0000000705000000, 0x0000000705000000| Untracked 
|  17|0x0000000705200000, 0x0000000705200000, 0x0000000705400000|  0%| F|  |TAMS 0x0000000705200000, 0x0000000705200000| Untracked 
|  18|0x0000000705400000, 0x0000000705400000, 0x0000000705600000|  0%| F|  |TAMS 0x0000000705400000, 0x0000000705400000| Untracked 
|  19|0x0000000705600000, 0x0000000705600000, 0x0000000705800000|  0%| F|  |TAMS 0x0000000705600000, 0x0000000705600000| Untracked 
|  20|0x0000000705800000, 0x0000000705800000, 0x0000000705a00000|  0%| F|  |TAMS 0x0000000705800000, 0x0000000705800000| Untracked 
|  21|0x0000000705a00000, 0x0000000705a00000, 0x0000000705c00000|  0%| F|  |TAMS 0x0000000705a00000, 0x0000000705a00000| Untracked 
|  22|0x0000000705c00000, 0x0000000705c00000, 0x0000000705e00000|  0%| F|  |TAMS 0x0000000705c00000, 0x0000000705c00000| Untracked 
|  23|0x0000000705e00000, 0x0000000705e00000, 0x0000000706000000|  0%| F|  |TAMS 0x0000000705e00000, 0x0000000705e00000| Untracked 
|  24|0x0000000706000000, 0x0000000706000000, 0x0000000706200000|  0%| F|  |TAMS 0x0000000706000000, 0x0000000706000000| Untracked 
|  25|0x0000000706200000, 0x0000000706200000, 0x0000000706400000|  0%| F|  |TAMS 0x0000000706200000, 0x0000000706200000| Untracked 
|  26|0x0000000706400000, 0x0000000706400000, 0x0000000706600000|  0%| F|  |TAMS 0x0000000706400000, 0x0000000706400000| Untracked 
|  27|0x0000000706600000, 0x0000000706600000, 0x0000000706800000|  0%| F|  |TAMS 0x0000000706600000, 0x0000000706600000| Untracked 
|  28|0x0000000706800000, 0x0000000706800000, 0x0000000706a00000|  0%| F|  |TAMS 0x0000000706800000, 0x0000000706800000| Untracked 
|  29|0x0000000706a00000, 0x0000000706a00000, 0x0000000706c00000|  0%| F|  |TAMS 0x0000000706a00000, 0x0000000706a00000| Untracked 
|  30|0x0000000706c00000, 0x0000000706c00000, 0x0000000706e00000|  0%| F|  |TAMS 0x0000000706c00000, 0x0000000706c00000| Untracked 
|  31|0x0000000706e00000, 0x0000000706e00000, 0x0000000707000000|  0%| F|  |TAMS 0x0000000706e00000, 0x0000000706e00000| Untracked 
|  32|0x0000000707000000, 0x0000000707000000, 0x0000000707200000|  0%| F|  |TAMS 0x0000000707000000, 0x0000000707000000| Untracked 
|  33|0x0000000707200000, 0x0000000707200000, 0x0000000707400000|  0%| F|  |TAMS 0x0000000707200000, 0x0000000707200000| Untracked 
|  34|0x0000000707400000, 0x0000000707400000, 0x0000000707600000|  0%| F|  |TAMS 0x0000000707400000, 0x0000000707400000| Untracked 
|  35|0x0000000707600000, 0x0000000707600000, 0x0000000707800000|  0%| F|  |TAMS 0x0000000707600000, 0x0000000707600000| Untracked 
|  36|0x0000000707800000, 0x0000000707800000, 0x0000000707a00000|  0%| F|  |TAMS 0x0000000707800000, 0x0000000707800000| Untracked 
|  37|0x0000000707a00000, 0x0000000707a00000, 0x0000000707c00000|  0%| F|  |TAMS 0x0000000707a00000, 0x0000000707a00000| Untracked 
|  38|0x0000000707c00000, 0x0000000707c00000, 0x0000000707e00000|  0%| F|  |TAMS 0x0000000707c00000, 0x0000000707c00000| Untracked 
|  39|0x0000000707e00000, 0x0000000707e00000, 0x0000000708000000|  0%| F|  |TAMS 0x0000000707e00000, 0x0000000707e00000| Untracked 
|  40|0x0000000708000000, 0x0000000708000000, 0x0000000708200000|  0%| F|  |TAMS 0x0000000708000000, 0x0000000708000000| Untracked 
|  41|0x0000000708200000, 0x0000000708200000, 0x0000000708400000|  0%| F|  |TAMS 0x0000000708200000, 0x0000000708200000| Untracked 
|  42|0x0000000708400000, 0x0000000708400000, 0x0000000708600000|  0%| F|  |TAMS 0x0000000708400000, 0x0000000708400000| Untracked 
|  43|0x0000000708600000, 0x0000000708600000, 0x0000000708800000|  0%| F|  |TAMS 0x0000000708600000, 0x0000000708600000| Untracked 
|  44|0x0000000708800000, 0x0000000708800000, 0x0000000708a00000|  0%| F|  |TAMS 0x0000000708800000, 0x0000000708800000| Untracked 
|  45|0x0000000708a00000, 0x0000000708a00000, 0x0000000708c00000|  0%| F|  |TAMS 0x0000000708a00000, 0x0000000708a00000| Untracked 
|  46|0x0000000708c00000, 0x0000000708c00000, 0x0000000708e00000|  0%| F|  |TAMS 0x0000000708c00000, 0x0000000708c00000| Untracked 
|  47|0x0000000708e00000, 0x0000000708e00000, 0x0000000709000000|  0%| F|  |TAMS 0x0000000708e00000, 0x0000000708e00000| Untracked 
|  48|0x0000000709000000, 0x0000000709000000, 0x0000000709200000|  0%| F|  |TAMS 0x0000000709000000, 0x0000000709000000| Untracked 
|  49|0x0000000709200000, 0x0000000709200000, 0x0000000709400000|  0%| F|  |TAMS 0x0000000709200000, 0x0000000709200000| Untracked 
|  50|0x0000000709400000, 0x0000000709400000, 0x0000000709600000|  0%| F|  |TAMS 0x0000000709400000, 0x0000000709400000| Untracked 
|  51|0x0000000709600000, 0x0000000709600000, 0x0000000709800000|  0%| F|  |TAMS 0x0000000709600000, 0x0000000709600000| Untracked 
|  52|0x0000000709800000, 0x0000000709800000, 0x0000000709a00000|  0%| F|  |TAMS 0x0000000709800000, 0x0000000709800000| Untracked 
|  53|0x0000000709a00000, 0x0000000709a00000, 0x0000000709c00000|  0%| F|  |TAMS 0x0000000709a00000, 0x0000000709a00000| Untracked 
|  54|0x0000000709c00000, 0x0000000709c00000, 0x0000000709e00000|  0%| F|  |TAMS 0x0000000709c00000, 0x0000000709c00000| Untracked 
|  55|0x0000000709e00000, 0x0000000709e00000, 0x000000070a000000|  0%| F|  |TAMS 0x0000000709e00000, 0x0000000709e00000| Untracked 
|  56|0x000000070a000000, 0x000000070a000000, 0x000000070a200000|  0%| F|  |TAMS 0x000000070a000000, 0x000000070a000000| Untracked 
|  57|0x000000070a200000, 0x000000070a200000, 0x000000070a400000|  0%| F|  |TAMS 0x000000070a200000, 0x000000070a200000| Untracked 
|  58|0x000000070a400000, 0x000000070a400000, 0x000000070a600000|  0%| F|  |TAMS 0x000000070a400000, 0x000000070a400000| Untracked 
|  59|0x000000070a600000, 0x000000070a600000, 0x000000070a800000|  0%| F|  |TAMS 0x000000070a600000, 0x000000070a600000| Untracked 
|  60|0x000000070a800000, 0x000000070a800000, 0x000000070aa00000|  0%| F|  |TAMS 0x000000070a800000, 0x000000070a800000| Untracked 
|  61|0x000000070aa00000, 0x000000070aa00000, 0x000000070ac00000|  0%| F|  |TAMS 0x000000070aa00000, 0x000000070aa00000| Untracked 
|  62|0x000000070ac00000, 0x000000070ac00000, 0x000000070ae00000|  0%| F|  |TAMS 0x000000070ac00000, 0x000000070ac00000| Untracked 
|  63|0x000000070ae00000, 0x000000070ae00000, 0x000000070b000000|  0%| F|  |TAMS 0x000000070ae00000, 0x000000070ae00000| Untracked 
|  64|0x000000070b000000, 0x000000070b000000, 0x000000070b200000|  0%| F|  |TAMS 0x000000070b000000, 0x000000070b000000| Untracked 
|  65|0x000000070b200000, 0x000000070b200000, 0x000000070b400000|  0%| F|  |TAMS 0x000000070b200000, 0x000000070b200000| Untracked 
|  66|0x000000070b400000, 0x000000070b400000, 0x000000070b600000|  0%| F|  |TAMS 0x000000070b400000, 0x000000070b400000| Untracked 
|  67|0x000000070b600000, 0x000000070b600000, 0x000000070b800000|  0%| F|  |TAMS 0x000000070b600000, 0x000000070b600000| Untracked 
|  68|0x000000070b800000, 0x000000070b800000, 0x000000070ba00000|  0%| F|  |TAMS 0x000000070b800000, 0x000000070b800000| Untracked 
|  69|0x000000070ba00000, 0x000000070ba00000, 0x000000070bc00000|  0%| F|  |TAMS 0x000000070ba00000, 0x000000070ba00000| Untracked 
|  70|0x000000070bc00000, 0x000000070bc00000, 0x000000070be00000|  0%| F|  |TAMS 0x000000070bc00000, 0x000000070bc00000| Untracked 
|  71|0x000000070be00000, 0x000000070be00000, 0x000000070c000000|  0%| F|  |TAMS 0x000000070be00000, 0x000000070be00000| Untracked 
|  72|0x000000070c000000, 0x000000070c000000, 0x000000070c200000|  0%| F|  |TAMS 0x000000070c000000, 0x000000070c000000| Untracked 
|  73|0x000000070c200000, 0x000000070c200000, 0x000000070c400000|  0%| F|  |TAMS 0x000000070c200000, 0x000000070c200000| Untracked 
|  74|0x000000070c400000, 0x000000070c400000, 0x000000070c600000|  0%| F|  |TAMS 0x000000070c400000, 0x000000070c400000| Untracked 
|  75|0x000000070c600000, 0x000000070c600000, 0x000000070c800000|  0%| F|  |TAMS 0x000000070c600000, 0x000000070c600000| Untracked 
|  76|0x000000070c800000, 0x000000070c800000, 0x000000070ca00000|  0%| F|  |TAMS 0x000000070c800000, 0x000000070c800000| Untracked 
|  77|0x000000070ca00000, 0x000000070ca00000, 0x000000070cc00000|  0%| F|  |TAMS 0x000000070ca00000, 0x000000070ca00000| Untracked 
|  78|0x000000070cc00000, 0x000000070cc00000, 0x000000070ce00000|  0%| F|  |TAMS 0x000000070cc00000, 0x000000070cc00000| Untracked 
|  79|0x000000070ce00000, 0x000000070ce00000, 0x000000070d000000|  0%| F|  |TAMS 0x000000070ce00000, 0x000000070ce00000| Untracked 
|  80|0x000000070d000000, 0x000000070d000000, 0x000000070d200000|  0%| F|  |TAMS 0x000000070d000000, 0x000000070d000000| Untracked 
|  81|0x000000070d200000, 0x000000070d200000, 0x000000070d400000|  0%| F|  |TAMS 0x000000070d200000, 0x000000070d200000| Untracked 
|  82|0x000000070d400000, 0x000000070d400000, 0x000000070d600000|  0%| F|  |TAMS 0x000000070d400000, 0x000000070d400000| Untracked 
|  83|0x000000070d600000, 0x000000070d600000, 0x000000070d800000|  0%| F|  |TAMS 0x000000070d600000, 0x000000070d600000| Untracked 
|  84|0x000000070d800000, 0x000000070d800000, 0x000000070da00000|  0%| F|  |TAMS 0x000000070d800000, 0x000000070d800000| Untracked 
|  85|0x000000070da00000, 0x000000070da00000, 0x000000070dc00000|  0%| F|  |TAMS 0x000000070da00000, 0x000000070da00000| Untracked 
|  86|0x000000070dc00000, 0x000000070dc00000, 0x000000070de00000|  0%| F|  |TAMS 0x000000070dc00000, 0x000000070dc00000| Untracked 
|  87|0x000000070de00000, 0x000000070de00000, 0x000000070e000000|  0%| F|  |TAMS 0x000000070de00000, 0x000000070de00000| Untracked 
|  88|0x000000070e000000, 0x000000070e000000, 0x000000070e200000|  0%| F|  |TAMS 0x000000070e000000, 0x000000070e000000| Untracked 
|  89|0x000000070e200000, 0x000000070e200000, 0x000000070e400000|  0%| F|  |TAMS 0x000000070e200000, 0x000000070e200000| Untracked 
|  90|0x000000070e400000, 0x000000070e400000, 0x000000070e600000|  0%| F|  |TAMS 0x000000070e400000, 0x000000070e400000| Untracked 
|  91|0x000000070e600000, 0x000000070e600000, 0x000000070e800000|  0%| F|  |TAMS 0x000000070e600000, 0x000000070e600000| Untracked 
|  92|0x000000070e800000, 0x000000070e800000, 0x000000070ea00000|  0%| F|  |TAMS 0x000000070e800000, 0x000000070e800000| Untracked 
|  93|0x000000070ea00000, 0x000000070ea00000, 0x000000070ec00000|  0%| F|  |TAMS 0x000000070ea00000, 0x000000070ea00000| Untracked 
|  94|0x000000070ec00000, 0x000000070ec00000, 0x000000070ee00000|  0%| F|  |TAMS 0x000000070ec00000, 0x000000070ec00000| Untracked 
|  95|0x000000070ee00000, 0x000000070ee00000, 0x000000070f000000|  0%| F|  |TAMS 0x000000070ee00000, 0x000000070ee00000| Untracked 
|  96|0x000000070f000000, 0x000000070f000000, 0x000000070f200000|  0%| F|  |TAMS 0x000000070f000000, 0x000000070f000000| Untracked 
|  97|0x000000070f200000, 0x000000070f200000, 0x000000070f400000|  0%| F|  |TAMS 0x000000070f200000, 0x000000070f200000| Untracked 
|  98|0x000000070f400000, 0x000000070f400000, 0x000000070f600000|  0%| F|  |TAMS 0x000000070f400000, 0x000000070f400000| Untracked 
|  99|0x000000070f600000, 0x000000070f600000, 0x000000070f800000|  0%| F|  |TAMS 0x000000070f600000, 0x000000070f600000| Untracked 
| 100|0x000000070f800000, 0x000000070f800000, 0x000000070fa00000|  0%| F|  |TAMS 0x000000070f800000, 0x000000070f800000| Untracked 
| 101|0x000000070fa00000, 0x000000070fa00000, 0x000000070fc00000|  0%| F|  |TAMS 0x000000070fa00000, 0x000000070fa00000| Untracked 
| 102|0x000000070fc00000, 0x000000070fc00000, 0x000000070fe00000|  0%| F|  |TAMS 0x000000070fc00000, 0x000000070fc00000| Untracked 
| 103|0x000000070fe00000, 0x000000070fe00000, 0x0000000710000000|  0%| F|  |TAMS 0x000000070fe00000, 0x000000070fe00000| Untracked 
| 104|0x0000000710000000, 0x0000000710000000, 0x0000000710200000|  0%| F|  |TAMS 0x0000000710000000, 0x0000000710000000| Untracked 
| 105|0x0000000710200000, 0x0000000710200000, 0x0000000710400000|  0%| F|  |TAMS 0x0000000710200000, 0x0000000710200000| Untracked 
| 106|0x0000000710400000, 0x0000000710400000, 0x0000000710600000|  0%| F|  |TAMS 0x0000000710400000, 0x0000000710400000| Untracked 
| 107|0x0000000710600000, 0x0000000710600000, 0x0000000710800000|  0%| F|  |TAMS 0x0000000710600000, 0x0000000710600000| Untracked 
| 108|0x0000000710800000, 0x0000000710800000, 0x0000000710a00000|  0%| F|  |TAMS 0x0000000710800000, 0x0000000710800000| Untracked 
| 109|0x0000000710a00000, 0x0000000710a00000, 0x0000000710c00000|  0%| F|  |TAMS 0x0000000710a00000, 0x0000000710a00000| Untracked 
| 110|0x0000000710c00000, 0x0000000710c00000, 0x0000000710e00000|  0%| F|  |TAMS 0x0000000710c00000, 0x0000000710c00000| Untracked 
| 111|0x0000000710e00000, 0x0000000710e00000, 0x0000000711000000|  0%| F|  |TAMS 0x0000000710e00000, 0x0000000710e00000| Untracked 
| 112|0x0000000711000000, 0x0000000711000000, 0x0000000711200000|  0%| F|  |TAMS 0x0000000711000000, 0x0000000711000000| Untracked 
| 113|0x0000000711200000, 0x0000000711200000, 0x0000000711400000|  0%| F|  |TAMS 0x0000000711200000, 0x0000000711200000| Untracked 
| 114|0x0000000711400000, 0x0000000711400000, 0x0000000711600000|  0%| F|  |TAMS 0x0000000711400000, 0x0000000711400000| Untracked 
| 115|0x0000000711600000, 0x0000000711600000, 0x0000000711800000|  0%| F|  |TAMS 0x0000000711600000, 0x0000000711600000| Untracked 
| 116|0x0000000711800000, 0x0000000711800000, 0x0000000711a00000|  0%| F|  |TAMS 0x0000000711800000, 0x0000000711800000| Untracked 
| 117|0x0000000711a00000, 0x0000000711a00000, 0x0000000711c00000|  0%| F|  |TAMS 0x0000000711a00000, 0x0000000711a00000| Untracked 
| 118|0x0000000711c00000, 0x0000000711c00000, 0x0000000711e00000|  0%| F|  |TAMS 0x0000000711c00000, 0x0000000711c00000| Untracked 
| 119|0x0000000711e00000, 0x0000000711e00000, 0x0000000712000000|  0%| F|  |TAMS 0x0000000711e00000, 0x0000000711e00000| Untracked 
| 120|0x0000000712000000, 0x0000000712000000, 0x0000000712200000|  0%| F|  |TAMS 0x0000000712000000, 0x0000000712000000| Untracked 
| 121|0x0000000712200000, 0x0000000712200000, 0x0000000712400000|  0%| F|  |TAMS 0x0000000712200000, 0x0000000712200000| Untracked 
| 122|0x0000000712400000, 0x0000000712400000, 0x0000000712600000|  0%| F|  |TAMS 0x0000000712400000, 0x0000000712400000| Untracked 
| 123|0x0000000712600000, 0x00000007127c3590, 0x0000000712800000| 88%| E|  |TAMS 0x0000000712600000, 0x0000000712600000| Complete 
| 124|0x0000000712800000, 0x0000000712a00000, 0x0000000712a00000|100%| E|CS|TAMS 0x0000000712800000, 0x0000000712800000| Complete 
| 125|0x0000000712a00000, 0x0000000712c00000, 0x0000000712c00000|100%| E|CS|TAMS 0x0000000712a00000, 0x0000000712a00000| Complete 
| 126|0x0000000712c00000, 0x0000000712e00000, 0x0000000712e00000|100%| E|CS|TAMS 0x0000000712c00000, 0x0000000712c00000| Complete 

Card table byte_map: [0x0000018b277c0000,0x0000018b27fb0000] _byte_map_base: 0x0000018b23fa8000

Marking Bits (Prev, Next): (CMBitMap*) 0x0000018b102f5110, (CMBitMap*) 0x0000018b102f5150
 Prev Bits: [0x0000018b287a0000, 0x0000018b2c6e0000)
 Next Bits: [0x0000018b2c6e0000, 0x0000018b30620000)

Polling page: 0x0000018b0fa10000

Metaspace:

Usage:
  Non-class:      4.84 MB used.
      Class:    584.26 KB used.
       Both:      5.41 MB used.

Virtual space:
  Non-class space:        8.00 MB reserved,       4.94 MB ( 62%) committed,  1 nodes.
      Class space:        1.00 GB reserved,     704.00 KB ( <1%) committed,  1 nodes.
             Both:        1.01 GB reserved,       5.62 MB ( <1%) committed. 

Chunk freelists:
   Non-Class:  2.81 MB
       Class:  3.24 MB
        Both:  6.05 MB

MaxMetaspaceSize: unlimited
CompressedClassSpaceSize: 1.00 GB
Initial GC threshold: 21.00 MB
Current GC threshold: 21.00 MB
CDS: on
MetaspaceReclaimPolicy: balanced
 - commit_granule_bytes: 65536.
 - commit_granule_words: 8192.
 - virtual_space_node_default_size: 1048576.
 - enlarge_chunks_in_place: 1.
 - new_chunks_are_fully_committed: 0.
 - uncommit_free_chunks: 1.
 - use_allocation_guard: 0.
 - handle_deallocations: 1.


Internal statistics:

num_allocs_failed_limit: 0.
num_arena_births: 108.
num_arena_deaths: 0.
num_vsnodes_births: 2.
num_vsnodes_deaths: 0.
num_space_committed: 90.
num_space_uncommitted: 0.
num_chunks_returned_to_freelist: 0.
num_chunks_taken_from_freelist: 149.
num_chunk_merges: 0.
num_chunk_splits: 87.
num_chunks_enlarged: 33.
num_purges: 0.
num_inconsistent_stats: 0.

CodeHeap 'non-profiled nmethods': size=120000Kb used=192Kb max_used=192Kb free=119807Kb
 bounds [0x0000018b1f550000, 0x0000018b1f7c0000, 0x0000018b26a80000]
CodeHeap 'profiled nmethods': size=120000Kb used=972Kb max_used=972Kb free=119027Kb
 bounds [0x0000018b18020000, 0x0000018b18290000, 0x0000018b1f550000]
CodeHeap 'non-nmethods': size=5760Kb used=1222Kb max_used=1242Kb free=4537Kb
 bounds [0x0000018b17a80000, 0x0000018b17cf0000, 0x0000018b18020000]
 total_blobs=1210 nmethods=677 adapters=446
 compilation: enabled
              stopped_count=0, restarted_count=0
 full_count=0

Compilation events (20 events):
Event: 0.417 Thread 0x0000018b333565c0 nmethod 585 0x0000018b180fcc90 code [0x0000018b180fce20, 0x0000018b180fcf38]
Event: 0.417 Thread 0x0000018b333565c0  593  s    3       sun.java2d.loops.GraphicsPrimitive::makeUniqueID (26 bytes)
Event: 0.417 Thread 0x0000018b333565c0 nmethod 593 0x0000018b180fd010 code [0x0000018b180fd1c0, 0x0000018b180fd3d8]
Event: 0.417 Thread 0x0000018b333565c0  605       1       sun.java2d.loops.CompositeType::getSuperType (5 bytes)
Event: 0.417 Thread 0x0000018b34671b90  601       4       java.lang.String::checkBoundsBeginEnd (63 bytes)
Event: 0.417 Thread 0x0000018b333565c0 nmethod 605 0x0000018b1f578690 code [0x0000018b1f578820, 0x0000018b1f5788f8]
Event: 0.417 Thread 0x0000018b333565c0  594       3       sun.java2d.loops.GraphicsPrimitive::<init> (75 bytes)
Event: 0.418 Thread 0x0000018b333565c0 nmethod 594 0x0000018b180fd510 code [0x0000018b180fd6e0, 0x0000018b180fdc98]
Event: 0.418 Thread 0x0000018b333565c0  606       1       sun.java2d.loops.SurfaceType::getSuperType (5 bytes)
Event: 0.418 Thread 0x0000018b333565c0 nmethod 606 0x0000018b1f578990 code [0x0000018b1f578b20, 0x0000018b1f578bf8]
Event: 0.418 Thread 0x0000018b34671b90 nmethod 601 0x0000018b1f578c90 code [0x0000018b1f578e00, 0x0000018b1f578eb8]
Event: 0.418 Thread 0x0000018b34671b90  611       4       java.lang.String::getChars (54 bytes)
Event: 0.418 Thread 0x0000018b34647a80 nmethod 603 0x0000018b1f578f90 code [0x0000018b1f579100, 0x0000018b1f579398]
Event: 0.418 Thread 0x0000018b34647a80  612       4       java.lang.StringLatin1::getChars (12 bytes)
Event: 0.419 Thread 0x0000018b33351fb0 nmethod 597 0x0000018b1f579490 code [0x0000018b1f579640, 0x0000018b1f579b68]
Event: 0.419 Thread 0x0000018b33351fb0  616       4       java.lang.StringCoding::implEncodeAsciiArray (47 bytes)
Event: 0.420 Thread 0x0000018b34647a80 nmethod 612 0x0000018b1f579e90 code [0x0000018b1f57a000, 0x0000018b1f57a178]
Event: 0.420 Thread 0x0000018b34647a80  617   !   4       java.io.BufferedWriter::write (117 bytes)
Event: 0.420 Thread 0x0000018b34671b90 nmethod 611 0x0000018b1f57a210 code [0x0000018b1f57a3a0, 0x0000018b1f57a6f8]
Event: 0.420 Thread 0x0000018b34671b90  610   !   4       sun.awt.AppContext::get (123 bytes)

GC Heap History (0 events):
No events

Deoptimization events (0 events):
No events

Classes unloaded (0 events):
No events

Classes redefined (0 events):
No events

Internal exceptions (13 events):
Event: 0.095 Thread 0x0000018b335005c0 Exception <a 'java/lang/NoSuchMethodError'{0x0000000712a75980}: 'java.lang.Object java.lang.invoke.DirectMethodHandle$Holder.invokeStaticInit(java.lang.Object)'> (0x0000000712a75980) 
thrown [t:\workspace\open\src\hotspot\share\interpreter\linkResolver.cpp, line 766]
Event: 0.102 Thread 0x0000018b335005c0 Exception <a 'java/lang/NoSuchMethodError'{0x0000000712a836d8}: 'void java.lang.invoke.DirectMethodHandle$Holder.invokeStatic(java.lang.Object, java.lang.Object)'> (0x0000000712a836d8) 
thrown [t:\workspace\open\src\hotspot\share\interpreter\linkResolver.cpp, line 766]
Event: 0.107 Thread 0x0000018b102a55e0 Exception <a 'java/lang/ClassNotFoundException'{0x0000000712a2b488}: sun/awt/resources/spi/awtProvider> (0x0000000712a2b488) 
thrown [t:\workspace\open\src\hotspot\share\classfile\systemDictionary.cpp, line 256]
Event: 0.126 Thread 0x0000018b102a55e0 Exception <a 'java/io/FileNotFoundException'{0x0000000712af00f0}> (0x0000000712af00f0) 
thrown [t:\workspace\open\src\hotspot\share\prims\jni.cpp, line 516]
Event: 0.131 Thread 0x0000018b102a55e0 Exception <a 'java/io/FileNotFoundException'{0x0000000712b1d0c0}> (0x0000000712b1d0c0) 
thrown [t:\workspace\open\src\hotspot\share\prims\jni.cpp, line 516]
Event: 0.347 Thread 0x0000018b102a55e0 Exception <a 'java/lang/NoSuchMethodError'{0x0000000712b9ecf8}: 'void java.lang.invoke.DirectMethodHandle$Holder.invokeSpecial(java.lang.Object, java.lang.Object, java.lang.Object)'> (0x0000000712b9ecf8) 
thrown [t:\workspace\open\src\hotspot\share\interpreter\linkResolver.cpp, line 766]
Event: 0.354 Thread 0x0000018b102a55e0 Exception <a 'java/lang/NoSuchMethodError'{0x0000000712806058}: 'java.lang.Object java.lang.invoke.DirectMethodHandle$Holder.newInvokeSpecial(java.lang.Object, java.lang.Object, java.lang.Object, java.lang.Object, java.lang.Object)'> (0x0000000712806058) 
thrown [t:\workspace\open\src\hotspot\share\interpreter\linkResolver.cpp, line 766]
Event: 0.356 Thread 0x0000018b102a55e0 Exception <a 'java/lang/NoSuchMethodError'{0x0000000712811a20}: 'java.lang.Object java.lang.invoke.DirectMethodHandle$Holder.invokeStatic(java.lang.Object, int, java.lang.Object, java.lang.Object, java.lang.Object, java.lang.Object)'> (0x0000000712811a20) 
thrown [t:\workspace\open\src\hotspot\share\interpreter\linkResolver.cpp, line 766]
Event: 0.360 Thread 0x0000018b102a55e0 Exception <a 'java/lang/NoSuchMethodError'{0x0000000712837268}: 'java.lang.Object java.lang.invoke.DirectMethodHandle$Holder.invokeStatic(java.lang.Object, int, java.lang.Object)'> (0x0000000712837268) 
thrown [t:\workspace\open\src\hotspot\share\interpreter\linkResolver.cpp, line 766]
Event: 0.380 Thread 0x0000018b102a55e0 Exception <a 'java/lang/ClassNotFoundException'{0x00000007128ef358}: com/sun/swing/internal/plaf/metal/resources/spi/metalProvider> (0x00000007128ef358) 
thrown [t:\workspace\open\src\hotspot\share\classfile\systemDictionary.cpp, line 256]
Event: 0.380 Thread 0x0000018b102a55e0 Exception <a 'java/lang/ClassNotFoundException'{0x00000007128f3aa0}: com/sun/swing/internal/plaf/basic/resources/spi/basicProvider> (0x00000007128f3aa0) 
thrown [t:\workspace\open\src\hotspot\share\classfile\systemDictionary.cpp, line 256]
Event: 0.400 Thread 0x0000018b341da370 Exception <a 'java/lang/NoSuchMethodError'{0x0000000712bd2968}: 'void java.lang.invoke.DirectMethodHandle$Holder.invokeVirtual(java.lang.Object, java.lang.Object)'> (0x0000000712bd2968) 
thrown [t:\workspace\open\src\hotspot\share\interpreter\linkResolver.cpp, line 766]
Event: 0.415 Thread 0x0000018b102a55e0 Exception <a 'java/lang/NoSuchMethodError'{0x0000000712603cb0}: 'void java.lang.invoke.DirectMethodHandle$Holder.invokeStaticInit(java.lang.Object)'> (0x0000000712603cb0) 
thrown [t:\workspace\open\src\hotspot\share\interpreter\linkResolver.cpp, line 766]

VM Operations (4 events):
Event: 0.059 Executing VM operation: HandshakeAllThreads
Event: 0.059 Executing VM operation: HandshakeAllThreads done
Event: 0.386 Executing VM operation: HandshakeAllThreads
Event: 0.387 Executing VM operation: HandshakeAllThreads done

Events (20 events):
Event: 0.418 loading class sun/font/FontManagerForSGE
Event: 0.418 loading class sun/font/FontManager
Event: 0.418 loading class sun/font/FontManager done
Event: 0.418 loading class sun/font/FontManagerForSGE done
Event: 0.418 loading class sun/font/SunFontManager done
Event: 0.418 loading class sun/font/Font2DHandle
Event: 0.418 loading class sun/font/Font2DHandle done
Event: 0.418 loading class sun/font/SunFontManager$TTFilter
Event: 0.418 loading class java/io/FilenameFilter
Event: 0.418 loading class java/io/FilenameFilter done
Event: 0.418 loading class sun/font/SunFontManager$TTFilter done
Event: 0.418 loading class sun/font/SunFontManager$T1Filter
Event: 0.418 loading class sun/font/SunFontManager$T1Filter done
Event: 0.418 loading class sun/font/SunFontManager$1
Event: 0.418 loading class sun/font/SunFontManager$1 done
Event: 0.419 loading class sun/font/FontManagerNativeLibrary
Event: 0.419 loading class sun/font/FontManagerNativeLibrary done
Event: 0.419 loading class sun/font/FontManagerNativeLibrary$1
Event: 0.419 loading class sun/font/FontManagerNativeLibrary$1 done
Event: 0.420 Loaded shared library C:\Users\kilia\.jdks\openjdk-17.0.2\bin\freetype.dll


Dynamic libraries:
0x00007ff7b9970000 - 0x00007ff7b997e000 	C:\Users\kilia\.jdks\openjdk-17.0.2\bin\java.exe
0x00007ffcee7d0000 - 0x00007ffcee9c8000 	C:\WINDOWS\SYSTEM32\ntdll.dll
0x00007ffcedbf0000 - 0x00007ffcedcaf000 	C:\WINDOWS\System32\KERNEL32.DLL
0x00007ffcec400000 - 0x00007ffcec6d2000 	C:\WINDOWS\System32\KERNELBASE.dll
0x00007ffcec020000 - 0x00007ffcec120000 	C:\WINDOWS\System32\ucrtbase.dll
0x00007ffce6e10000 - 0x00007ffce6e2a000 	C:\Users\kilia\.jdks\openjdk-17.0.2\bin\VCRUNTIME140.dll
0x00007ffce6e30000 - 0x00007ffce6e48000 	C:\Users\kilia\.jdks\openjdk-17.0.2\bin\jli.dll
0x00007ffced6b0000 - 0x00007ffced851000 	C:\WINDOWS\System32\USER32.dll
0x00007ffcec7e0000 - 0x00007ffcec802000 	C:\WINDOWS\System32\win32u.dll
0x00007ffcede60000 - 0x00007ffcede8b000 	C:\WINDOWS\System32\GDI32.dll
0x00007ffcec280000 - 0x00007ffcec38f000 	C:\WINDOWS\System32\gdi32full.dll
0x00007ffcec1e0000 - 0x00007ffcec27d000 	C:\WINDOWS\System32\msvcp_win.dll
0x00007ffcd7c60000 - 0x00007ffcd7efa000 	C:\WINDOWS\WinSxS\amd64_microsoft.windows.common-controls_6595b64144ccf1df_6.0.19041.1110_none_60b5254171f9507e\COMCTL32.dll
0x00007ffcee6f0000 - 0x00007ffcee78e000 	C:\WINDOWS\System32\msvcrt.dll
0x00007ffcede90000 - 0x00007ffcedec2000 	C:\WINDOWS\System32\IMM32.DLL
0x00007ffcda1a0000 - 0x00007ffcda30b000 	C:\WINDOWS\system32\tmumh\20019\AddOn\8.55.0.1125\TmUmEvt64.dll
0x00007ffcedf30000 - 0x00007ffcedf38000 	C:\WINDOWS\System32\PSAPI.DLL
0x00007ffcee540000 - 0x00007ffcee5ee000 	C:\WINDOWS\System32\ADVAPI32.dll
0x00007ffcee650000 - 0x00007ffcee6ec000 	C:\WINDOWS\System32\sechost.dll
0x00007ffceda10000 - 0x00007ffcedb35000 	C:\WINDOWS\System32\RPCRT4.dll
0x000000006da50000 - 0x000000006dbc3000 	C:\WINDOWS\system32\tmumh\20019\TmMon\2.9.0.1042\tmmon64.dll
0x00007ffce6b20000 - 0x00007ffce6b2c000 	C:\Users\kilia\.jdks\openjdk-17.0.2\bin\vcruntime140_1.dll
0x00007ffcde510000 - 0x00007ffcde59d000 	C:\Users\kilia\.jdks\openjdk-17.0.2\bin\msvcp140.dll
0x00007ffc8b660000 - 0x00007ffc8c221000 	C:\Users\kilia\.jdks\openjdk-17.0.2\bin\server\jvm.dll
0x00007ffcce4c0000 - 0x00007ffcce4c9000 	C:\WINDOWS\SYSTEM32\WSOCK32.dll
0x00007ffcee4d0000 - 0x00007ffcee53b000 	C:\WINDOWS\System32\WS2_32.dll
0x00007ffcd6390000 - 0x00007ffcd63b7000 	C:\WINDOWS\SYSTEM32\WINMM.dll
0x00007ffce6d40000 - 0x00007ffce6d4a000 	C:\WINDOWS\SYSTEM32\VERSION.dll
0x00007ffcea710000 - 0x00007ffcea722000 	C:\WINDOWS\SYSTEM32\kernel.appcore.dll
0x00007ffce6b10000 - 0x00007ffce6b1a000 	C:\Users\kilia\.jdks\openjdk-17.0.2\bin\jimage.dll
0x00007ffcea3a0000 - 0x00007ffcea584000 	C:\WINDOWS\SYSTEM32\DBGHELP.DLL
0x00007ffcd1470000 - 0x00007ffcd14a5000 	C:\WINDOWS\SYSTEM32\dbgcore.DLL
0x00007ffcec120000 - 0x00007ffcec1a2000 	C:\WINDOWS\System32\bcryptPrimitives.dll
0x00007ffce6870000 - 0x00007ffce687e000 	C:\Users\kilia\.jdks\openjdk-17.0.2\bin\instrument.dll
0x00007ffcde4e0000 - 0x00007ffcde505000 	C:\Users\kilia\.jdks\openjdk-17.0.2\bin\java.dll
0x00007ffca15f0000 - 0x00007ffca16c6000 	C:\Users\kilia\.jdks\openjdk-17.0.2\bin\jsvml.dll
0x00007ffcecaf0000 - 0x00007ffced234000 	C:\WINDOWS\System32\SHELL32.dll
0x00007ffce9ae0000 - 0x00007ffcea272000 	C:\WINDOWS\SYSTEM32\windows.storage.dll
0x00007ffced350000 - 0x00007ffced6a5000 	C:\WINDOWS\System32\combase.dll
0x00007ffceb920000 - 0x00007ffceb950000 	C:\WINDOWS\SYSTEM32\Wldp.dll
0x00007ffcedcb0000 - 0x00007ffcedd5d000 	C:\WINDOWS\System32\SHCORE.dll
0x00007ffceded0000 - 0x00007ffcedf25000 	C:\WINDOWS\System32\shlwapi.dll
0x00007ffcebe00000 - 0x00007ffcebe1f000 	C:\WINDOWS\SYSTEM32\profapi.dll
0x00007ffce0170000 - 0x00007ffce0188000 	C:\Users\kilia\.jdks\openjdk-17.0.2\bin\zip.dll
0x00007ffce4000000 - 0x00007ffce4019000 	C:\Users\kilia\.jdks\openjdk-17.0.2\bin\net.dll
0x00007ffce26d0000 - 0x00007ffce27dc000 	C:\WINDOWS\SYSTEM32\WINHTTP.dll
0x00007ffceb680000 - 0x00007ffceb6ea000 	C:\WINDOWS\system32\mswsock.dll
0x00007ffcde720000 - 0x00007ffcde736000 	C:\Users\kilia\.jdks\openjdk-17.0.2\bin\nio.dll
0x00007ffcd8400000 - 0x00007ffcd841a000 	C:\Program Files\JetBrains\IntelliJ IDEA 2021.3.2\bin\breakgen64.dll
0x00007ffc99340000 - 0x00007ffc994ce000 	C:\Users\kilia\.jdks\openjdk-17.0.2\bin\awt.dll
0x00007ffcedd80000 - 0x00007ffcede4d000 	C:\WINDOWS\System32\OLEAUT32.dll
0x00007ffce8fa0000 - 0x00007ffce9031000 	C:\WINDOWS\SYSTEM32\apphelp.dll
0x00007ffce9600000 - 0x00007ffce962f000 	C:\WINDOWS\system32\DWMAPI.DLL
0x00007ffce9110000 - 0x00007ffce91ae000 	C:\WINDOWS\system32\uxtheme.dll
0x00007ffcd8d40000 - 0x00007ffcd8e65000 	C:\WINDOWS\system32\opengl32.dll
0x00007ffce1860000 - 0x00007ffce188c000 	C:\WINDOWS\SYSTEM32\GLU32.dll
0x00007ffcee3b0000 - 0x00007ffcee4c5000 	C:\WINDOWS\System32\MSCTF.dll
0x00007ffcec960000 - 0x00007ffceca8a000 	C:\WINDOWS\System32\ole32.dll
0x00007ffcdea10000 - 0x00007ffcdebde000 	C:\WINDOWS\system32\d3d9.dll
0x00007ffce1ba0000 - 0x00007ffce1d06000 	C:\WINDOWS\System32\DriverStore\FileRepository\igdlh64.inf_amd64_5481f7821d650a44\igdumdim64.dll
0x00007ffc92a90000 - 0x00007ffc9743b000 	C:\WINDOWS\System32\DriverStore\FileRepository\igdlh64.inf_amd64_5481f7821d650a44\igd9dxva64.dll
0x00007ffcedf40000 - 0x00007ffcee3a8000 	C:\WINDOWS\System32\SETUPAPI.dll
0x00007ffcec790000 - 0x00007ffcec7de000 	C:\WINDOWS\System32\cfgmgr32.dll
0x00007ffcec1b0000 - 0x00007ffcec1d7000 	C:\WINDOWS\System32\bcrypt.dll
0x00007ffcdf340000 - 0x00007ffcdf608000 	C:\WINDOWS\System32\DriverStore\FileRepository\igdlh64.inf_amd64_5481f7821d650a44\igdgmm64.dll
0x00007ffc9a810000 - 0x00007ffc9a927000 	C:\WINDOWS\System32\DriverStore\FileRepository\nvbl.inf_amd64_ee886259e92968aa\nvldumdx.dll
0x00007ffcebab0000 - 0x00007ffcebac2000 	C:\WINDOWS\SYSTEM32\msasn1.dll
0x00007ffce3470000 - 0x00007ffce34a1000 	C:\WINDOWS\SYSTEM32\cryptnet.dll
0x00007ffcebec0000 - 0x00007ffcec016000 	C:\WINDOWS\System32\CRYPT32.dll
0x00007ffce3c20000 - 0x00007ffce3d68000 	C:\WINDOWS\SYSTEM32\drvstore.dll
0x00007ffcebc70000 - 0x00007ffcebc9c000 	C:\WINDOWS\SYSTEM32\devobj.dll
0x00007ffceb870000 - 0x00007ffceb87c000 	C:\WINDOWS\SYSTEM32\cryptbase.dll
0x00007ffcec390000 - 0x00007ffcec3f9000 	C:\WINDOWS\System32\WINTRUST.DLL
0x00007ffcedd60000 - 0x00007ffcedd7d000 	C:\WINDOWS\System32\imagehlp.dll
0x00007ffceb880000 - 0x00007ffceb898000 	C:\WINDOWS\SYSTEM32\CRYPTSP.dll
0x00007ffceaf30000 - 0x00007ffceaf64000 	C:\WINDOWS\system32\rsaenh.dll
0x00007ffc8c230000 - 0x00007ffc8da3a000 	C:\WINDOWS\System32\DriverStore\FileRepository\nvbl.inf_amd64_ee886259e92968aa\nvd3dumx.dll
0x00007ffcea730000 - 0x00007ffcea753000 	C:\WINDOWS\SYSTEM32\gpapi.dll
0x00007ffce1e90000 - 0x00007ffce1ecb000 	C:\WINDOWS\SYSTEM32\dxcore.dll
0x00007ffca55f0000 - 0x00007ffca5679000 	C:\Users\kilia\.jdks\openjdk-17.0.2\bin\freetype.dll
0x00007ffc9b6a0000 - 0x00007ffc9b748000 	C:\Users\kilia\.jdks\openjdk-17.0.2\bin\fontmanager.dll

dbghelp: loaded successfully - version: 4.0.5 - missing functions: none
symbol engine: initialized successfully - sym options: 0x614 - pdb path: .;C:\Users\kilia\.jdks\openjdk-17.0.2\bin;C:\WINDOWS\SYSTEM32;C:\WINDOWS\WinSxS\amd64_microsoft.windows.common-controls_6595b64144ccf1df_6.0.19041.1110_none_60b5254171f9507e;C:\WINDOWS\system32\tmumh\20019\AddOn\8.55.0.1125;C:\WINDOWS\system32\tmumh\20019\TmMon\2.9.0.1042;C:\Users\kilia\.jdks\openjdk-17.0.2\bin\server;C:\Program Files\JetBrains\IntelliJ IDEA 2021.3.2\bin;C:\WINDOWS\System32\DriverStore\FileRepository\igdlh64.inf_amd64_5481f7821d650a44;C:\WINDOWS\System32\DriverStore\FileRepository\nvbl.inf_amd64_ee886259e92968aa

VM Arguments:
jvm_args: -javaagent:C:\Program Files\JetBrains\IntelliJ IDEA 2021.3.2\lib\idea_rt.jar=49611:C:\Program Files\JetBrains\IntelliJ IDEA 2021.3.2\bin -Dfile.encoding=UTF-8 
java_command: Main
java_class_path (initial): C:\Users\kilia\Desktop\FH\2022W\Software_Engineering\Game\target\classes
Launcher Type: SUN_STANDARD

[Global flags]
     intx CICompilerCount                          = 4                                         {product} {ergonomic}
     uint ConcGCThreads                            = 3                                         {product} {ergonomic}
     uint G1ConcRefinementThreads                  = 10                                        {product} {ergonomic}
   size_t G1HeapRegionSize                         = 2097152                                   {product} {ergonomic}
    uintx GCDrainStackTargetSize                   = 64                                        {product} {ergonomic}
   size_t InitialHeapSize                          = 266338304                                 {product} {ergonomic}
   size_t MarkStackSize                            = 4194304                                   {product} {ergonomic}
   size_t MaxHeapSize                              = 4244635648                                {product} {ergonomic}
   size_t MaxNewSize                               = 2545942528                                {product} {ergonomic}
   size_t MinHeapDeltaBytes                        = 2097152                                   {product} {ergonomic}
   size_t MinHeapSize                              = 8388608                                   {product} {ergonomic}
    uintx NonNMethodCodeHeapSize                   = 5839372                                {pd product} {ergonomic}
    uintx NonProfiledCodeHeapSize                  = 122909434                              {pd product} {ergonomic}
    uintx ProfiledCodeHeapSize                     = 122909434                              {pd product} {ergonomic}
    uintx ReservedCodeCacheSize                    = 251658240                              {pd product} {ergonomic}
     bool SegmentedCodeCache                       = true                                      {product} {ergonomic}
   size_t SoftMaxHeapSize                          = 4244635648                             {manageable} {ergonomic}
     bool UseCompressedClassPointers               = true                           {product lp64_product} {ergonomic}
     bool UseCompressedOops                        = true                           {product lp64_product} {ergonomic}
     bool UseG1GC                                  = true                                      {product} {ergonomic}
     bool UseLargePagesIndividualAllocation        = false                                  {pd product} {ergonomic}

Logging:
Log output configuration:
 #0: stdout all=warning uptime,level,tags
 #1: stderr all=off uptime,level,tags

Environment Variables:
PATH=C:\Program Files (x86)\VMware\VMware Player\bin\;C:\Program Files (x86)\NVIDIA Corporation\PhysX\Common;C:\WINDOWS\system32;C:\WINDOWS;C:\WINDOWS\System32\Wbem;C:\WINDOWS\System32\WindowsPowerShell\v1.0\;C:\WINDOWS\System32\OpenSSH\;C:\Program Files\Intel\WiFi\bin\;C:\Program Files\Common Files\Intel\WirelessCommon\;C:\Program Files\PuTTY\;C:\Program Files\Git\cmd;C:\Program Files (x86)\Intel\Intel(R) Management Engine Components\DAL;C:\Program Files\Intel\Intel(R) Management Engine Components\DAL;C:\Program Files (x86)\dotnet\;C:\Program Files\nodejs\;C:\Users\kilia\AppData\Local\Microsoft\WindowsApps;C:\Users\kilia\AppData\Local\Programs\Microsoft VS Code\bin;C:\Users\kilia\AppData\Local\GitHubDesktop\bin;C:\Users\kilia\AppData\Roaming\npm;C:\Program Files\CMake\bin
USERNAME=Kilian
OS=Windows_NT
PROCESSOR_IDENTIFIER=Intel64 Family 6 Model 158 Stepping 10, GenuineIntel



---------------  S Y S T E M  ---------------

OS:
 Windows 10 , 64 bit Build 19041 (10.0.19041.2364)
OS uptime: 7 days 23:40 hours

CPU: total 12 (initial active 12) (6 cores per cpu, 2 threads per core) family 6 model 158 stepping 10 microcode 0xf0, cx8, cmov, fxsr, ht, mmx, 3dnowpref, sse, sse2, sse3, ssse3, sse4.1, sse4.2, popcnt, lzcnt, tsc, tscinvbit, avx, avx2, aes, erms, clmul, bmi1, bmi2, adx, fma, vzeroupper, clflush, clflushopt

Memory: 4k page, system-wide physical 16190M (5154M free)
TotalPageFile size 20286M (AvailPageFile size 2M)
current process WorkingSet (physical memory assigned to process): 71M, peak: 71M
current process commit charge ("private bytes"): 378M, peak: 379M

vm_info: OpenJDK 64-Bit Server VM (17.0.2+8-86) for windows-amd64 JRE (17.0.2+8-86), built on Dec  7 2021 21:49:10 by "mach5one" with MS VC++ 16.8 / 16.9 (VS2019)

END.
