#
# There is insufficient memory for the Java Runtime Environment to continue.
# Native memory allocation (mmap) failed to map 266338304 bytes for G1 virtual space
# Possible reasons:
#   The system is out of physical RAM or swap space
#   The process is running with CompressedOops enabled, and the Java Heap may be blocking the growth of the native heap
# Possible solutions:
#   Reduce memory load on the system
#   Increase physical memory or swap space
#   Check if swap backing store is full
#   Decrease Java heap size (-Xmx/-Xms)
#   Decrease number of Java threads
#   Decrease Java thread stack sizes (-Xss)
#   Set larger code cache with -XX:ReservedCodeCacheSize=
#   JVM is running with Zero Based Compressed Oops mode in which the Java heap is
#     placed in the first 32GB address space. The Java Heap base address is the
#     maximum limit for the native heap growth. Please use -XX:HeapBaseMinAddress
#     to set the Java Heap base and to place the Java Heap above 32GB virtual address.
# This output file may be truncated or incomplete.
#
#  Out of Memory Error (os_windows.cpp:3532), pid=21180, tid=16496
#
# JRE version:  (17.0.2+8) (build )
# Java VM: OpenJDK 64-Bit Server VM (17.0.2+8-86, mixed mode, sharing, tiered, compressed oops, compressed class ptrs, g1 gc, windows-amd64)
# No core dump will be written. Minidumps are not enabled by default on client versions of Windows
#

---------------  S U M M A R Y ------------

Command Line: -javaagent:C:\Program Files\JetBrains\IntelliJ IDEA 2021.3.2\lib\idea_rt.jar=61249:C:\Program Files\JetBrains\IntelliJ IDEA 2021.3.2\bin -Dfile.encoding=UTF-8 Main

Host: Intel(R) Core(TM) i7-8750H CPU @ 2.20GHz, 12 cores, 15G,  Windows 10 , 64 bit Build 19041 (10.0.19041.2364)
Time: Sun Dec 25 15:24:49 2022 Mitteleuropäische Zeit elapsed time: 0.017236 seconds (0d 0h 0m 0s)

---------------  T H R E A D  ---------------

Current thread (0x00000229ff289280):  JavaThread "Unknown thread" [_thread_in_vm, id=16496, stack(0x0000008450200000,0x0000008450300000)]

Stack: [0x0000008450200000,0x0000008450300000]
Native frames: (J=compiled Java code, j=interpreted, Vv=VM code, C=native code)
V  [jvm.dll+0x670baa]
V  [jvm.dll+0x7cfcb4]
V  [jvm.dll+0x7d145e]
V  [jvm.dll+0x7d1ac3]
V  [jvm.dll+0x242bc5]
V  [jvm.dll+0x66dac9]
V  [jvm.dll+0x662412]
V  [jvm.dll+0x300c0b]
V  [jvm.dll+0x3081a6]
V  [jvm.dll+0x357d0e]
V  [jvm.dll+0x357f3f]
V  [jvm.dll+0x2d7ec8]
V  [jvm.dll+0x2d8e34]
V  [jvm.dll+0x7a18c1]
V  [jvm.dll+0x365a91]
V  [jvm.dll+0x780d2c]
V  [jvm.dll+0x3e845f]
V  [jvm.dll+0x3e9f01]
C  [jli.dll+0x527b]
C  [ucrtbase.dll+0x21bb2]
C  [KERNEL32.DLL+0x17614]
C  [ntdll.dll+0x526a1]


---------------  P R O C E S S  ---------------

Threads class SMR info:
_java_thread_list=0x00007ffc8c0f9858, length=0, elements={
}

Java Threads: ( => current thread )

Other Threads:
  0x00000229ff2d4580 GCTaskThread "GC Thread#0" [stack: 0x0000008450300000,0x0000008450400000] [id=17688]
  0x00000229ff2e51c0 ConcurrentGCThread "G1 Main Marker" [stack: 0x0000008450400000,0x0000008450500000] [id=12788]
  0x00000229ff2e67f0 ConcurrentGCThread "G1 Conc#0" [stack: 0x0000008450500000,0x0000008450600000] [id=2060]

[error occurred during error reporting (printing all threads), id 0xc0000005, EXCEPTION_ACCESS_VIOLATION (0xc0000005) at pc=0x00007ffc8b9488a7]

VM state: not at safepoint (not fully initialized)

VM Mutex/Monitor currently owned by a thread:  ([mutex/lock_event])
[0x00000229ff285310] Heap_lock - owner thread: 0x00000229ff289280

Heap address: 0x0000000703000000, size: 4048 MB, Compressed Oops mode: Zero based, Oop shift amount: 3

CDS archive(s) mapped at: [0x0000000000000000-0x0000000000000000-0x0000000000000000), size 0, SharedBaseAddress: 0x0000000800000000, ArchiveRelocationMode: 0.
Narrow klass base: 0x0000000000000000, Narrow klass shift: 0, Narrow klass range: 0x0

GC Precious Log:
<Empty>

Heap:
 garbage-first heap   total 0K, used 0K [0x0000000703000000, 0x0000000800000000)
  region size 2048K, 0 young (0K), 0 survivors (0K)

[error occurred during error reporting (printing heap information), id 0xc0000005, EXCEPTION_ACCESS_VIOLATION (0xc0000005) at pc=0x00007ffc8bd29f19]

GC Heap History (0 events):
No events

Deoptimization events (0 events):
No events

Classes unloaded (0 events):
No events

Classes redefined (0 events):
No events

Internal exceptions (0 events):
No events

VM Operations (0 events):
No events

Events (1 events):
Event: 0.010 Loaded shared library C:\Users\kilia\.jdks\openjdk-17.0.2\bin\java.dll


Dynamic libraries:
0x00007ff7b9970000 - 0x00007ff7b997e000 	C:\Users\kilia\.jdks\openjdk-17.0.2\bin\java.exe
0x00007ffcee7d0000 - 0x00007ffcee9c8000 	C:\WINDOWS\SYSTEM32\ntdll.dll
0x00007ffcedbf0000 - 0x00007ffcedcaf000 	C:\WINDOWS\System32\KERNEL32.DLL
0x00007ffcec400000 - 0x00007ffcec6d2000 	C:\WINDOWS\System32\KERNELBASE.dll
0x00007ffcec020000 - 0x00007ffcec120000 	C:\WINDOWS\System32\ucrtbase.dll
0x00007ffce6e30000 - 0x00007ffce6e4a000 	C:\Users\kilia\.jdks\openjdk-17.0.2\bin\VCRUNTIME140.dll
0x00007ffce6e10000 - 0x00007ffce6e28000 	C:\Users\kilia\.jdks\openjdk-17.0.2\bin\jli.dll
0x00007ffced6b0000 - 0x00007ffced851000 	C:\WINDOWS\System32\USER32.dll
0x00007ffcec7e0000 - 0x00007ffcec802000 	C:\WINDOWS\System32\win32u.dll
0x00007ffcede60000 - 0x00007ffcede8b000 	C:\WINDOWS\System32\GDI32.dll
0x00007ffcd7c60000 - 0x00007ffcd7efa000 	C:\WINDOWS\WinSxS\amd64_microsoft.windows.common-controls_6595b64144ccf1df_6.0.19041.1110_none_60b5254171f9507e\COMCTL32.dll
0x00007ffcec280000 - 0x00007ffcec38f000 	C:\WINDOWS\System32\gdi32full.dll
0x00007ffcee6f0000 - 0x00007ffcee78e000 	C:\WINDOWS\System32\msvcrt.dll
0x00007ffcec1e0000 - 0x00007ffcec27d000 	C:\WINDOWS\System32\msvcp_win.dll
0x00007ffcede90000 - 0x00007ffcedec2000 	C:\WINDOWS\System32\IMM32.DLL
0x00007ffcda1a0000 - 0x00007ffcda30b000 	C:\WINDOWS\system32\tmumh\20019\AddOn\8.55.0.1125\TmUmEvt64.dll
0x00007ffcedf30000 - 0x00007ffcedf38000 	C:\WINDOWS\System32\PSAPI.DLL
0x00007ffcee540000 - 0x00007ffcee5ee000 	C:\WINDOWS\System32\ADVAPI32.dll
0x00007ffcee650000 - 0x00007ffcee6ec000 	C:\WINDOWS\System32\sechost.dll
0x00007ffceda10000 - 0x00007ffcedb35000 	C:\WINDOWS\System32\RPCRT4.dll
0x000000006da50000 - 0x000000006dbc3000 	C:\WINDOWS\system32\tmumh\20019\TmMon\2.9.0.1042\tmmon64.dll
0x00007ffce6b20000 - 0x00007ffce6b2c000 	C:\Users\kilia\.jdks\openjdk-17.0.2\bin\vcruntime140_1.dll
0x00007ffcde510000 - 0x00007ffcde59d000 	C:\Users\kilia\.jdks\openjdk-17.0.2\bin\msvcp140.dll
0x00007ffc8b660000 - 0x00007ffc8c221000 	C:\Users\kilia\.jdks\openjdk-17.0.2\bin\server\jvm.dll
0x00007ffcce4c0000 - 0x00007ffcce4c9000 	C:\WINDOWS\SYSTEM32\WSOCK32.dll
0x00007ffcee4d0000 - 0x00007ffcee53b000 	C:\WINDOWS\System32\WS2_32.dll
0x00007ffcd6390000 - 0x00007ffcd63b7000 	C:\WINDOWS\SYSTEM32\WINMM.dll
0x00007ffce6d40000 - 0x00007ffce6d4a000 	C:\WINDOWS\SYSTEM32\VERSION.dll
0x00007ffcea710000 - 0x00007ffcea722000 	C:\WINDOWS\SYSTEM32\kernel.appcore.dll
0x00007ffce6b10000 - 0x00007ffce6b1a000 	C:\Users\kilia\.jdks\openjdk-17.0.2\bin\jimage.dll
0x00007ffcea3a0000 - 0x00007ffcea584000 	C:\WINDOWS\SYSTEM32\DBGHELP.DLL
0x00007ffcd1470000 - 0x00007ffcd14a5000 	C:\WINDOWS\SYSTEM32\dbgcore.DLL
0x00007ffcec120000 - 0x00007ffcec1a2000 	C:\WINDOWS\System32\bcryptPrimitives.dll
0x00007ffce6af0000 - 0x00007ffce6afe000 	C:\Users\kilia\.jdks\openjdk-17.0.2\bin\instrument.dll
0x00007ffcde4e0000 - 0x00007ffcde505000 	C:\Users\kilia\.jdks\openjdk-17.0.2\bin\java.dll

dbghelp: loaded successfully - version: 4.0.5 - missing functions: none
symbol engine: initialized successfully - sym options: 0x614 - pdb path: .;C:\Users\kilia\.jdks\openjdk-17.0.2\bin;C:\WINDOWS\SYSTEM32;C:\WINDOWS\WinSxS\amd64_microsoft.windows.common-controls_6595b64144ccf1df_6.0.19041.1110_none_60b5254171f9507e;C:\WINDOWS\system32\tmumh\20019\AddOn\8.55.0.1125;C:\WINDOWS\system32\tmumh\20019\TmMon\2.9.0.1042;C:\Users\kilia\.jdks\openjdk-17.0.2\bin\server

VM Arguments:
jvm_args: -javaagent:C:\Program Files\JetBrains\IntelliJ IDEA 2021.3.2\lib\idea_rt.jar=61249:C:\Program Files\JetBrains\IntelliJ IDEA 2021.3.2\bin -Dfile.encoding=UTF-8 
java_command: Main
java_class_path (initial): C:\Users\kilia\Desktop\FH\2022W\Software_Engineering\Game\target\classes
Launcher Type: SUN_STANDARD

[Global flags]
     intx CICompilerCount                          = 4                                         {product} {ergonomic}
     uint ConcGCThreads                            = 3                                         {product} {ergonomic}
     uint G1ConcRefinementThreads                  = 10                                        {product} {ergonomic}
   size_t G1HeapRegionSize                         = 2097152                                   {product} {ergonomic}
    uintx GCDrainStackTargetSize                   = 64                                        {product} {ergonomic}
   size_t InitialHeapSize                          = 266338304                                 {product} {ergonomic}
   size_t MarkStackSize                            = 4194304                                   {product} {ergonomic}
   size_t MaxHeapSize                              = 4244635648                                {product} {ergonomic}
   size_t MinHeapDeltaBytes                        = 2097152                                   {product} {ergonomic}
   size_t MinHeapSize                              = 8388608                                   {product} {ergonomic}
    uintx NonNMethodCodeHeapSize                   = 5839372                                {pd product} {ergonomic}
    uintx NonProfiledCodeHeapSize                  = 122909434                              {pd product} {ergonomic}
    uintx ProfiledCodeHeapSize                     = 122909434                              {pd product} {ergonomic}
    uintx ReservedCodeCacheSize                    = 251658240                              {pd product} {ergonomic}
     bool SegmentedCodeCache                       = true                                      {product} {ergonomic}
   size_t SoftMaxHeapSize                          = 4244635648                             {manageable} {ergonomic}
     bool UseCompressedClassPointers               = true                           {product lp64_product} {ergonomic}
     bool UseCompressedOops                        = true                           {product lp64_product} {ergonomic}
     bool UseG1GC                                  = true                                      {product} {ergonomic}
     bool UseLargePagesIndividualAllocation        = false                                  {pd product} {ergonomic}

Logging:
Log output configuration:
 #0: stdout all=warning uptime,level,tags
 #1: stderr all=off uptime,level,tags

Environment Variables:
PATH=C:\Program Files (x86)\VMware\VMware Player\bin\;C:\Program Files (x86)\NVIDIA Corporation\PhysX\Common;C:\WINDOWS\system32;C:\WINDOWS;C:\WINDOWS\System32\Wbem;C:\WINDOWS\System32\WindowsPowerShell\v1.0\;C:\WINDOWS\System32\OpenSSH\;C:\Program Files\Intel\WiFi\bin\;C:\Program Files\Common Files\Intel\WirelessCommon\;C:\Program Files\PuTTY\;C:\Program Files\Git\cmd;C:\Program Files (x86)\Intel\Intel(R) Management Engine Components\DAL;C:\Program Files\Intel\Intel(R) Management Engine Components\DAL;C:\Program Files (x86)\dotnet\;C:\Program Files\nodejs\;C:\Users\kilia\AppData\Local\Microsoft\WindowsApps;C:\Users\kilia\AppData\Local\Programs\Microsoft VS Code\bin;C:\Users\kilia\AppData\Local\GitHubDesktop\bin;C:\Users\kilia\AppData\Roaming\npm;C:\Program Files\CMake\bin
USERNAME=Kilian
OS=Windows_NT
PROCESSOR_IDENTIFIER=Intel64 Family 6 Model 158 Stepping 10, GenuineIntel



---------------  S Y S T E M  ---------------

OS:
 Windows 10 , 64 bit Build 19041 (10.0.19041.2364)
OS uptime: 8 days 1:49 hours

CPU: total 12 (initial active 12) (6 cores per cpu, 2 threads per core) family 6 model 158 stepping 10 microcode 0xf0, cx8, cmov, fxsr, ht, mmx, 3dnowpref, sse, sse2, sse3, ssse3, sse4.1, sse4.2, popcnt, lzcnt, tsc, tscinvbit, avx, avx2, aes, erms, clmul, bmi1, bmi2, adx, fma, vzeroupper, clflush, clflushopt

Memory: 4k page, system-wide physical 16190M (5142M free)
TotalPageFile size 20286M (AvailPageFile size 226M)
current process WorkingSet (physical memory assigned to process): 13M, peak: 13M
current process commit charge ("private bytes"): 67M, peak: 321M

vm_info: OpenJDK 64-Bit Server VM (17.0.2+8-86) for windows-amd64 JRE (17.0.2+8-86), built on Dec  7 2021 21:49:10 by "mach5one" with MS VC++ 16.8 / 16.9 (VS2019)

END.
